<?xml version="1.0" encoding="UTF-8"?>
<testng-results ignored="0" total="2" passed="2" failed="0" skipped="0">
  <reporter-output>
  </reporter-output>
  <suite started-at="2021-05-29T13:29:28Z" name="Default suite" finished-at="2021-05-29T13:29:34Z" duration-ms="6166">
    <groups>
    </groups>
    <test started-at="2021-05-29T13:29:28Z" name="Default test" finished-at="2021-05-29T13:29:34Z" duration-ms="6166">
      <class name="domaciSelenium.RegistrationTest">
        <test-method is-config="true" signature="createDriver()[pri:0, instance:domaciSelenium.RegistrationTest@3c3d9b6b]" started-at="2021-05-29T13:29:28Z" name="createDriver" finished-at="2021-05-29T13:29:31Z" duration-ms="2911" status="PASS">
          <reporter-output>
          </reporter-output>
        </test-method> <!-- createDriver -->
        <test-method signature="testRegBtn()[pri:0, instance:domaciSelenium.RegistrationTest@3c3d9b6b]" started-at="2021-05-29T13:29:31Z" name="testRegBtn" finished-at="2021-05-29T13:29:33Z" duration-ms="1884" status="PASS">
          <reporter-output>
          </reporter-output>
        </test-method> <!-- testRegBtn -->
        <test-method signature="testRegForm()[pri:0, instance:domaciSelenium.RegistrationTest@3c3d9b6b]" started-at="2021-05-29T13:29:33Z" name="testRegForm" finished-at="2021-05-29T13:29:34Z" duration-ms="1327" status="PASS">
          <reporter-output>
          </reporter-output>
        </test-method> <!-- testRegForm -->
      </class> <!-- domaciSelenium.RegistrationTest -->
    </test> <!-- Default test -->
  </suite> <!-- Default suite -->
</testng-results>
